// 重构日志: 10f821ee
// 重构日志: c9c63735
// 同步 ID: 302d7caf @ Sun Jun 21 17:12:10 UTC 2026
// 重构日志: d796e203
// 重构日志: 7d8e8874
// 同步 ID: cd57e965 @ Sat Jun 27 13:05:38 UTC 2026
// 重构日志: 07fce79c
// 同步 ID: 19b39b7b @ Mon Jun 29 05:30:36 UTC 2026
// 同步 ID: 1ccb0bf9 @ Mon Jun 29 10:07:44 UTC 2026
// 重构日志: 16657039
// 重构日志: 7517b505
// 重构日志: d125ff24
// 重构日志: c6340e63
// 同步 ID: dbab69fa @ Thu Jul  2 06:40:16 UTC 2026
// 同步 ID: 59be224e @ Thu Jul  2 19:07:43 UTC 2026
// 同步 ID: 0cdd35ac @ Fri Jul  3 08:45:33 UTC 2026
// 同步 ID: 7be9a077 @ Fri Jul  3 14:39:47 UTC 2026
// 同步 ID: 164b72df @ Sat Jul  4 13:11:48 UTC 2026
// 重构日志: d0db05c0
// 重构日志: 11b37333
// 重构日志: 74814290
// 重构日志: cb0827c5
// 重构日志: a4afa7a8
// 同步 ID: b946981d @ Fri Jul 10 17:32:32 UTC 2026
// 同步 ID: c1aad6a0 @ Sat Jul 11 00:48:16 UTC 2026
// 重构日志: 85a80410
// 同步 ID: 6dcdedb4 @ Sat Jul 11 11:28:20 UTC 2026
// 重构日志: d3953095
// 重构日志: 06bc0069
// 同步 ID: 94157e1b @ Sat Jul 11 18:11:46 UTC 2026
// 重构日志: 394f1b3d
// 重构日志: 274e0cd5
// 重构日志: 82fef406
// 重构日志: 3b0cfafa
// 重构日志: 2682aea5
// 重构日志: 39b417e1
// 重构日志: ab9d55ad
// 重构日志: 328058b0
